<?xml version="1.0" encoding="UTF-8"?>
<testsuite xmlns:xsi="http://www.w3.org/2001/XMLSchema-instance" xsi:noNamespaceSchemaLocation="https://maven.apache.org/surefire/maven-surefire-plugin/xsd/surefire-test-report.xsd" name="com.java3y.austin.service.api.impl.service.SendServiceImplTest" time="0.737" tests="2" errors="0" skipped="0" failures="0">
  <properties>
    <property name="gopherProxySet" value="false"/>
    <property name="awt.toolkit" value="sun.lwawt.macosx.LWCToolkit"/>
    <property name="socksProxyHost" value="127.0.0.1"/>
    <property name="http.proxyHost" value="127.0.0.1"/>
    <property name="java.specification.version" value="1.8"/>
    <property name="file.encoding.pkg" value="sun.io"/>
    <property name="sun.cpu.isalist" value=""/>
    <property name="sun.jnu.encoding" value="UTF-8"/>
    <property name="java.class.path" value="/Users/xiemenghua/Work/Project/austin-master/austin-service-api-impl/target/test-classes:/Users/xiemenghua/Work/Project/austin-master/austin-service-api-impl/target/classes:/Users/xiemenghua/Work/Project/austin-master/austin-service-api/target/austin-service-api-0.0.1-SNAPSHOT.jar:/Users/xiemenghua/Work/Project/austin-master/austin-common/target/austin-common-0.0.1-SNAPSHOT.jar:/Users/xiemenghua/Work/Project/austin-master/austin-support/target/austin-support-0.0.1-SNAPSHOT.jar:/Users/xiemenghua/.m2/repository/org/springframework/boot/spring-boot-starter/2.5.6/spring-boot-starter-2.5.6.jar:/Users/xiemenghua/.m2/repository/org/springframework/boot/spring-boot/2.5.6/spring-boot-2.5.6.jar:/Users/xiemenghua/.m2/repository/org/springframework/boot/spring-boot-autoconfigure/2.5.6/spring-boot-autoconfigure-2.5.6.jar:/Users/xiemenghua/.m2/repository/org/springframework/boot/spring-boot-starter-logging/2.5.6/spring-boot-starter-logging-2.5.6.jar:/Users/xiemenghua/.m2/repository/org/apache/logging/log4j/log4j-to-slf4j/2.14.1/log4j-to-slf4j-2.14.1.jar:/Users/xiemenghua/.m2/repository/org/apache/logging/log4j/log4j-api/2.14.1/log4j-api-2.14.1.jar:/Users/xiemenghua/.m2/repository/org/slf4j/jul-to-slf4j/1.7.32/jul-to-slf4j-1.7.32.jar:/Users/xiemenghua/.m2/repository/jakarta/annotation/jakarta.annotation-api/1.3.5/jakarta.annotation-api-1.3.5.jar:/Users/xiemenghua/.m2/repository/org/springframework/spring-core/5.3.12/spring-core-5.3.12.jar:/Users/xiemenghua/.m2/repository/org/springframework/spring-jcl/5.3.12/spring-jcl-5.3.12.jar:/Users/xiemenghua/.m2/repository/org/yaml/snakeyaml/1.28/snakeyaml-1.28.jar:/Users/xiemenghua/.m2/repository/org/springframework/boot/spring-boot-starter-test/2.5.6/spring-boot-starter-test-2.5.6.jar:/Users/xiemenghua/.m2/repository/org/springframework/boot/spring-boot-test/2.5.6/spring-boot-test-2.5.6.jar:/Users/xiemenghua/.m2/repository/org/springframework/boot/spring-boot-test-autoconfigure/2.5.6/spring-boot-test-autoconfigure-2.5.6.jar:/Users/xiemenghua/.m2/repository/com/jayway/jsonpath/json-path/2.5.0/json-path-2.5.0.jar:/Users/xiemenghua/.m2/repository/net/minidev/json-smart/2.4.7/json-smart-2.4.7.jar:/Users/xiemenghua/.m2/repository/net/minidev/accessors-smart/2.4.7/accessors-smart-2.4.7.jar:/Users/xiemenghua/.m2/repository/org/ow2/asm/asm/9.1/asm-9.1.jar:/Users/xiemenghua/.m2/repository/jakarta/xml/bind/jakarta.xml.bind-api/2.3.3/jakarta.xml.bind-api-2.3.3.jar:/Users/xiemenghua/.m2/repository/jakarta/activation/jakarta.activation-api/1.2.2/jakarta.activation-api-1.2.2.jar:/Users/xiemenghua/.m2/repository/org/assertj/assertj-core/3.19.0/assertj-core-3.19.0.jar:/Users/xiemenghua/.m2/repository/org/hamcrest/hamcrest/2.2/hamcrest-2.2.jar:/Users/xiemenghua/.m2/repository/org/junit/jupiter/junit-jupiter/5.7.2/junit-jupiter-5.7.2.jar:/Users/xiemenghua/.m2/repository/org/junit/jupiter/junit-jupiter-api/5.7.2/junit-jupiter-api-5.7.2.jar:/Users/xiemenghua/.m2/repository/org/apiguardian/apiguardian-api/1.1.0/apiguardian-api-1.1.0.jar:/Users/xiemenghua/.m2/repository/org/opentest4j/opentest4j/1.2.0/opentest4j-1.2.0.jar:/Users/xiemenghua/.m2/repository/org/junit/platform/junit-platform-commons/1.7.2/junit-platform-commons-1.7.2.jar:/Users/xiemenghua/.m2/repository/org/junit/jupiter/junit-jupiter-params/5.7.2/junit-jupiter-params-5.7.2.jar:/Users/xiemenghua/.m2/repository/org/junit/jupiter/junit-jupiter-engine/5.7.2/junit-jupiter-engine-5.7.2.jar:/Users/xiemenghua/.m2/repository/org/junit/platform/junit-platform-engine/1.7.2/junit-platform-engine-1.7.2.jar:/Users/xiemenghua/.m2/repository/org/mockito/mockito-core/3.9.0/mockito-core-3.9.0.jar:/Users/xiemenghua/.m2/repository/net/bytebuddy/byte-buddy/1.10.22/byte-buddy-1.10.22.jar:/Users/xiemenghua/.m2/repository/net/bytebuddy/byte-buddy-agent/1.10.22/byte-buddy-agent-1.10.22.jar:/Users/xiemenghua/.m2/repository/org/objenesis/objenesis/3.2/objenesis-3.2.jar:/Users/xiemenghua/.m2/repository/org/mockito/mockito-junit-jupiter/3.9.0/mockito-junit-jupiter-3.9.0.jar:/Users/xiemenghua/.m2/repository/org/skyscreamer/jsonassert/1.5.0/jsonassert-1.5.0.jar:/Users/xiemenghua/.m2/repository/com/vaadin/external/google/android-json/0.0.20131108.vaadin1/android-json-0.0.20131108.vaadin1.jar:/Users/xiemenghua/.m2/repository/org/springframework/spring-test/5.3.12/spring-test-5.3.12.jar:/Users/xiemenghua/.m2/repository/org/xmlunit/xmlunit-core/2.8.3/xmlunit-core-2.8.3.jar:/Users/xiemenghua/.m2/repository/mysql/mysql-connector-java/5.1.35/mysql-connector-java-5.1.35.jar:/Users/xiemenghua/.m2/repository/com/squareup/okhttp3/okhttp/4.9.2/okhttp-4.9.2.jar:/Users/xiemenghua/.m2/repository/com/squareup/okio/okio/2.8.0/okio-2.8.0.jar:/Users/xiemenghua/.m2/repository/org/jetbrains/kotlin/kotlin-stdlib-common/1.5.31/kotlin-stdlib-common-1.5.31.jar:/Users/xiemenghua/.m2/repository/org/jetbrains/kotlin/kotlin-stdlib/1.5.31/kotlin-stdlib-1.5.31.jar:/Users/xiemenghua/.m2/repository/org/jetbrains/annotations/13.0/annotations-13.0.jar:/Users/xiemenghua/.m2/repository/org/projectlombok/lombok/1.18.22/lombok-1.18.22.jar:/Users/xiemenghua/.m2/repository/com/google/guava/guava/31.0.1-jre/guava-31.0.1-jre.jar:/Users/xiemenghua/.m2/repository/com/google/guava/failureaccess/1.0.1/failureaccess-1.0.1.jar:/Users/xiemenghua/.m2/repository/com/google/guava/listenablefuture/9999.0-empty-to-avoid-conflict-with-guava/listenablefuture-9999.0-empty-to-avoid-conflict-with-guava.jar:/Users/xiemenghua/.m2/repository/com/google/code/findbugs/jsr305/3.0.2/jsr305-3.0.2.jar:/Users/xiemenghua/.m2/repository/org/checkerframework/checker-qual/3.12.0/checker-qual-3.12.0.jar:/Users/xiemenghua/.m2/repository/com/google/errorprone/error_prone_annotations/2.7.1/error_prone_annotations-2.7.1.jar:/Users/xiemenghua/.m2/repository/com/google/j2objc/j2objc-annotations/1.3/j2objc-annotations-1.3.jar:/Users/xiemenghua/.m2/repository/cn/hutool/hutool-all/5.7.15/hutool-all-5.7.15.jar:/Users/xiemenghua/.m2/repository/com/alibaba/fastjson/1.2.83/fastjson-1.2.83.jar:/Users/xiemenghua/.m2/repository/org/springframework/boot/spring-boot-starter-data-jpa/2.5.6/spring-boot-starter-data-jpa-2.5.6.jar:/Users/xiemenghua/.m2/repository/org/springframework/boot/spring-boot-starter-aop/2.5.6/spring-boot-starter-aop-2.5.6.jar:/Users/xiemenghua/.m2/repository/org/springframework/spring-aop/5.3.12/spring-aop-5.3.12.jar:/Users/xiemenghua/.m2/repository/org/aspectj/aspectjweaver/1.9.7/aspectjweaver-1.9.7.jar:/Users/xiemenghua/.m2/repository/org/springframework/boot/spring-boot-starter-jdbc/2.5.6/spring-boot-starter-jdbc-2.5.6.jar:/Users/xiemenghua/.m2/repository/com/zaxxer/HikariCP/4.0.3/HikariCP-4.0.3.jar:/Users/xiemenghua/.m2/repository/org/springframework/spring-jdbc/5.3.12/spring-jdbc-5.3.12.jar:/Users/xiemenghua/.m2/repository/jakarta/transaction/jakarta.transaction-api/1.3.3/jakarta.transaction-api-1.3.3.jar:/Users/xiemenghua/.m2/repository/jakarta/persistence/jakarta.persistence-api/2.2.3/jakarta.persistence-api-2.2.3.jar:/Users/xiemenghua/.m2/repository/org/hibernate/hibernate-core/5.4.32.Final/hibernate-core-5.4.32.Final.jar:/Users/xiemenghua/.m2/repository/org/jboss/logging/jboss-logging/3.4.2.Final/jboss-logging-3.4.2.Final.jar:/Users/xiemenghua/.m2/repository/org/javassist/javassist/3.27.0-GA/javassist-3.27.0-GA.jar:/Users/xiemenghua/.m2/repository/antlr/antlr/2.7.7/antlr-2.7.7.jar:/Users/xiemenghua/.m2/repository/org/jboss/jandex/2.2.3.Final/jandex-2.2.3.Final.jar:/Users/xiemenghua/.m2/repository/com/fasterxml/classmate/1.5.1/classmate-1.5.1.jar:/Users/xiemenghua/.m2/repository/org/dom4j/dom4j/2.1.3/dom4j-2.1.3.jar:/Users/xiemenghua/.m2/repository/org/hibernate/common/hibernate-commons-annotations/5.1.2.Final/hibernate-commons-annotations-5.1.2.Final.jar:/Users/xiemenghua/.m2/repository/org/glassfish/jaxb/jaxb-runtime/2.3.5/jaxb-runtime-2.3.5.jar:/Users/xiemenghua/.m2/repository/org/glassfish/jaxb/txw2/2.3.5/txw2-2.3.5.jar:/Users/xiemenghua/.m2/repository/com/sun/istack/istack-commons-runtime/3.0.12/istack-commons-runtime-3.0.12.jar:/Users/xiemenghua/.m2/repository/com/sun/activation/jakarta.activation/1.2.2/jakarta.activation-1.2.2.jar:/Users/xiemenghua/.m2/repository/org/springframework/data/spring-data-jpa/2.5.6/spring-data-jpa-2.5.6.jar:/Users/xiemenghua/.m2/repository/org/springframework/data/spring-data-commons/2.5.6/spring-data-commons-2.5.6.jar:/Users/xiemenghua/.m2/repository/org/springframework/spring-orm/5.3.12/spring-orm-5.3.12.jar:/Users/xiemenghua/.m2/repository/org/springframework/spring-beans/5.3.12/spring-beans-5.3.12.jar:/Users/xiemenghua/.m2/repository/org/springframework/spring-aspects/5.3.12/spring-aspects-5.3.12.jar:/Users/xiemenghua/.m2/repository/org/springframework/kafka/spring-kafka/2.7.8/spring-kafka-2.7.8.jar:/Users/xiemenghua/.m2/repository/org/springframework/spring-context/5.3.12/spring-context-5.3.12.jar:/Users/xiemenghua/.m2/repository/org/springframework/spring-expression/5.3.12/spring-expression-5.3.12.jar:/Users/xiemenghua/.m2/repository/org/springframework/spring-messaging/5.3.12/spring-messaging-5.3.12.jar:/Users/xiemenghua/.m2/repository/org/springframework/spring-tx/5.3.12/spring-tx-5.3.12.jar:/Users/xiemenghua/.m2/repository/org/springframework/retry/spring-retry/1.3.1/spring-retry-1.3.1.jar:/Users/xiemenghua/.m2/repository/org/apache/kafka/kafka-clients/2.7.1/kafka-clients-2.7.1.jar:/Users/xiemenghua/.m2/repository/com/github/luben/zstd-jni/1.4.5-6/zstd-jni-1.4.5-6.jar:/Users/xiemenghua/.m2/repository/org/lz4/lz4-java/1.7.1/lz4-java-1.7.1.jar:/Users/xiemenghua/.m2/repository/org/xerial/snappy/snappy-java/1.1.7.7/snappy-java-1.1.7.7.jar:/Users/xiemenghua/.m2/repository/org/apache/rocketmq/rocketmq-spring-boot-starter/2.2.2/rocketmq-spring-boot-starter-2.2.2.jar:/Users/xiemenghua/.m2/repository/org/apache/rocketmq/rocketmq-spring-boot/2.2.2/rocketmq-spring-boot-2.2.2.jar:/Users/xiemenghua/.m2/repository/org/apache/rocketmq/rocketmq-client/4.9.3/rocketmq-client-4.9.3.jar:/Users/xiemenghua/.m2/repository/org/apache/rocketmq/rocketmq-common/4.9.3/rocketmq-common-4.9.3.jar:/Users/xiemenghua/.m2/repository/org/apache/rocketmq/rocketmq-acl/4.9.3/rocketmq-acl-4.9.3.jar:/Users/xiemenghua/.m2/repository/org/apache/rocketmq/rocketmq-remoting/4.9.3/rocketmq-remoting-4.9.3.jar:/Users/xiemenghua/.m2/repository/io/netty/netty-all/4.1.69.Final/netty-all-4.1.69.Final.jar:/Users/xiemenghua/.m2/repository/io/netty/netty-codec-dns/4.1.69.Final/netty-codec-dns-4.1.69.Final.jar:/Users/xiemenghua/.m2/repository/io/netty/netty-codec-haproxy/4.1.69.Final/netty-codec-haproxy-4.1.69.Final.jar:/Users/xiemenghua/.m2/repository/io/netty/netty-codec-http/4.1.69.Final/netty-codec-http-4.1.69.Final.jar:/Users/xiemenghua/.m2/repository/io/netty/netty-codec-http2/4.1.69.Final/netty-codec-http2-4.1.69.Final.jar:/Users/xiemenghua/.m2/repository/io/netty/netty-codec-memcache/4.1.69.Final/netty-codec-memcache-4.1.69.Final.jar:/Users/xiemenghua/.m2/repository/io/netty/netty-codec-mqtt/4.1.69.Final/netty-codec-mqtt-4.1.69.Final.jar:/Users/xiemenghua/.m2/repository/io/netty/netty-codec-redis/4.1.69.Final/netty-codec-redis-4.1.69.Final.jar:/Users/xiemenghua/.m2/repository/io/netty/netty-codec-smtp/4.1.69.Final/netty-codec-smtp-4.1.69.Final.jar:/Users/xiemenghua/.m2/repository/io/netty/netty-codec-socks/4.1.69.Final/netty-codec-socks-4.1.69.Final.jar:/Users/xiemenghua/.m2/repository/io/netty/netty-codec-stomp/4.1.69.Final/netty-codec-stomp-4.1.69.Final.jar:/Users/xiemenghua/.m2/repository/io/netty/netty-codec-xml/4.1.69.Final/netty-codec-xml-4.1.69.Final.jar:/Users/xiemenghua/.m2/repository/com/fasterxml/aalto-xml/1.0.0/aalto-xml-1.0.0.jar:/Users/xiemenghua/.m2/repository/org/codehaus/woodstox/stax2-api/4.0.0/stax2-api-4.0.0.jar:/Users/xiemenghua/.m2/repository/io/netty/netty-handler-proxy/4.1.69.Final/netty-handler-proxy-4.1.69.Final.jar:/Users/xiemenghua/.m2/repository/io/netty/netty-resolver-dns/4.1.69.Final/netty-resolver-dns-4.1.69.Final.jar:/Users/xiemenghua/.m2/repository/io/netty/netty-transport-rxtx/4.1.69.Final/netty-transport-rxtx-4.1.69.Final.jar:/Users/xiemenghua/.m2/repository/org/rxtx/rxtx/2.1.7/rxtx-2.1.7.jar:/Users/xiemenghua/.m2/repository/io/netty/netty-transport-sctp/4.1.69.Final/netty-transport-sctp-4.1.69.Final.jar:/Users/xiemenghua/.m2/repository/io/netty/netty-transport-udt/4.1.69.Final/netty-transport-udt-4.1.69.Final.jar:/Users/xiemenghua/.m2/repository/com/barchart/udt/barchart-udt-bundle/2.3.0/barchart-udt-bundle-2.3.0.jar:/Users/xiemenghua/.m2/repository/io/netty/netty-transport-native-epoll/4.1.69.Final/netty-transport-native-epoll-4.1.69.Final.jar:/Users/xiemenghua/.m2/repository/io/netty/netty-transport-native-unix-common/4.1.69.Final/netty-transport-native-unix-common-4.1.69.Final.jar:/Users/xiemenghua/.m2/repository/io/netty/netty-transport-native-kqueue/4.1.69.Final/netty-transport-native-kqueue-4.1.69.Final.jar:/Users/xiemenghua/.m2/repository/io/netty/netty-resolver-dns-native-macos/4.1.69.Final/netty-resolver-dns-native-macos-4.1.69.Final.jar:/Users/xiemenghua/.m2/repository/io/netty/netty-transport-native-epoll/4.1.69.Final/netty-transport-native-epoll-4.1.69.Final-linux-x86_64.jar:/Users/xiemenghua/.m2/repository/io/netty/netty-transport-native-epoll/4.1.69.Final/netty-transport-native-epoll-4.1.69.Final-linux-aarch_64.jar:/Users/xiemenghua/.m2/repository/io/netty/netty-transport-native-kqueue/4.1.69.Final/netty-transport-native-kqueue-4.1.69.Final-osx-x86_64.jar:/Users/xiemenghua/.m2/repository/io/netty/netty-transport-native-kqueue/4.1.69.Final/netty-transport-native-kqueue-4.1.69.Final-osx-aarch_64.jar:/Users/xiemenghua/.m2/repository/io/netty/netty-resolver-dns-native-macos/4.1.69.Final/netty-resolver-dns-native-macos-4.1.69.Final-osx-x86_64.jar:/Users/xiemenghua/.m2/repository/io/netty/netty-resolver-dns-native-macos/4.1.69.Final/netty-resolver-dns-native-macos-4.1.69.Final-osx-aarch_64.jar:/Users/xiemenghua/.m2/repository/org/apache/rocketmq/rocketmq-logging/4.9.3/rocketmq-logging-4.9.3.jar:/Users/xiemenghua/.m2/repository/org/apache/rocketmq/rocketmq-srvutil/4.9.3/rocketmq-srvutil-4.9.3.jar:/Users/xiemenghua/.m2/repository/commons-cli/commons-cli/1.2/commons-cli-1.2.jar:/Users/xiemenghua/.m2/repository/commons-validator/commons-validator/1.7/commons-validator-1.7.jar:/Users/xiemenghua/.m2/repository/commons-beanutils/commons-beanutils/1.9.4/commons-beanutils-1.9.4.jar:/Users/xiemenghua/.m2/repository/commons-digester/commons-digester/2.1/commons-digester-2.1.jar:/Users/xiemenghua/.m2/repository/commons-collections/commons-collections/3.2.2/commons-collections-3.2.2.jar:/Users/xiemenghua/.m2/repository/com/fasterxml/jackson/core/jackson-databind/2.12.5/jackson-databind-2.12.5.jar:/Users/xiemenghua/.m2/repository/com/fasterxml/jackson/core/jackson-annotations/2.12.5/jackson-annotations-2.12.5.jar:/Users/xiemenghua/.m2/repository/com/fasterxml/jackson/datatype/jackson-datatype-jsr310/2.12.5/jackson-datatype-jsr310-2.12.5.jar:/Users/xiemenghua/.m2/repository/org/springframework/boot/spring-boot-starter-validation/2.5.6/spring-boot-starter-validation-2.5.6.jar:/Users/xiemenghua/.m2/repository/org/apache/tomcat/embed/tomcat-embed-el/9.0.54/tomcat-embed-el-9.0.54.jar:/Users/xiemenghua/.m2/repository/org/hibernate/validator/hibernate-validator/6.2.0.Final/hibernate-validator-6.2.0.Final.jar:/Users/xiemenghua/.m2/repository/jakarta/validation/jakarta.validation-api/2.0.2/jakarta.validation-api-2.0.2.jar:/Users/xiemenghua/.m2/repository/org/springframework/boot/spring-boot-starter-data-redis/2.5.6/spring-boot-starter-data-redis-2.5.6.jar:/Users/xiemenghua/.m2/repository/org/springframework/data/spring-data-redis/2.5.6/spring-data-redis-2.5.6.jar:/Users/xiemenghua/.m2/repository/org/springframework/data/spring-data-keyvalue/2.5.6/spring-data-keyvalue-2.5.6.jar:/Users/xiemenghua/.m2/repository/org/springframework/spring-oxm/5.3.12/spring-oxm-5.3.12.jar:/Users/xiemenghua/.m2/repository/org/springframework/spring-context-support/5.3.12/spring-context-support-5.3.12.jar:/Users/xiemenghua/.m2/repository/io/lettuce/lettuce-core/6.1.5.RELEASE/lettuce-core-6.1.5.RELEASE.jar:/Users/xiemenghua/.m2/repository/io/netty/netty-common/4.1.69.Final/netty-common-4.1.69.Final.jar:/Users/xiemenghua/.m2/repository/io/netty/netty-handler/4.1.69.Final/netty-handler-4.1.69.Final.jar:/Users/xiemenghua/.m2/repository/io/netty/netty-resolver/4.1.69.Final/netty-resolver-4.1.69.Final.jar:/Users/xiemenghua/.m2/repository/io/netty/netty-buffer/4.1.69.Final/netty-buffer-4.1.69.Final.jar:/Users/xiemenghua/.m2/repository/io/netty/netty-codec/4.1.69.Final/netty-codec-4.1.69.Final.jar:/Users/xiemenghua/.m2/repository/io/netty/netty-transport/4.1.69.Final/netty-transport-4.1.69.Final.jar:/Users/xiemenghua/.m2/repository/io/projectreactor/reactor-core/3.4.11/reactor-core-3.4.11.jar:/Users/xiemenghua/.m2/repository/org/reactivestreams/reactive-streams/1.0.3/reactive-streams-1.0.3.jar:/Users/xiemenghua/.m2/repository/com/ctrip/framework/apollo/apollo-client/2.1.0/apollo-client-2.1.0.jar:/Users/xiemenghua/.m2/repository/com/ctrip/framework/apollo/apollo-core/2.1.0/apollo-core-2.1.0.jar:/Users/xiemenghua/.m2/repository/com/google/code/gson/gson/2.8.8/gson-2.8.8.jar:/Users/xiemenghua/.m2/repository/com/google/inject/guice/5.0.1/guice-5.0.1.jar:/Users/xiemenghua/.m2/repository/javax/inject/javax.inject/1/javax.inject-1.jar:/Users/xiemenghua/.m2/repository/aopalliance/aopalliance/1.0/aopalliance-1.0.jar:/Users/xiemenghua/.m2/repository/org/slf4j/slf4j-api/1.7.32/slf4j-api-1.7.32.jar:/Users/xiemenghua/.m2/repository/cn/monitor4all/log-record-starter/1.0.4.1/log-record-starter-1.0.4.1.jar:/Users/xiemenghua/.m2/repository/org/apache/commons/commons-lang3/3.12.0/commons-lang3-3.12.0.jar:/Users/xiemenghua/.m2/repository/de/siegmar/logback-gelf/3.0.0/logback-gelf-3.0.0.jar:/Users/xiemenghua/.m2/repository/ch/qos/logback/logback-classic/1.2.6/logback-classic-1.2.6.jar:/Users/xiemenghua/.m2/repository/ch/qos/logback/logback-core/1.2.6/logback-core-1.2.6.jar:/Users/xiemenghua/.m2/repository/io/github/lyh200/dynamic-tp-spring-boot-starter-apollo/1.0.2/dynamic-tp-spring-boot-starter-apollo-1.0.2.jar:/Users/xiemenghua/.m2/repository/io/github/lyh200/dynamic-tp-spring-boot-starter-common/1.0.2/dynamic-tp-spring-boot-starter-common-1.0.2.jar:/Users/xiemenghua/.m2/repository/io/github/lyh200/dynamic-tp-adapter/1.0.2/dynamic-tp-adapter-1.0.2.jar:/Users/xiemenghua/.m2/repository/io/github/lyh200/dynamic-tp-common/1.0.2/dynamic-tp-common-1.0.2.jar:/Users/xiemenghua/.m2/repository/org/springframework/boot/spring-boot-configuration-processor/2.5.6/spring-boot-configuration-processor-2.5.6.jar:/Users/xiemenghua/.m2/repository/io/github/lyh200/dynamic-tp-core/1.0.2/dynamic-tp-core-1.0.2.jar:/Users/xiemenghua/.m2/repository/org/springframework/boot/spring-boot-starter-actuator/2.5.6/spring-boot-starter-actuator-2.5.6.jar:/Users/xiemenghua/.m2/repository/org/springframework/boot/spring-boot-actuator-autoconfigure/2.5.6/spring-boot-actuator-autoconfigure-2.5.6.jar:/Users/xiemenghua/.m2/repository/org/springframework/boot/spring-boot-actuator/2.5.6/spring-boot-actuator-2.5.6.jar:/Users/xiemenghua/.m2/repository/io/micrometer/micrometer-core/1.7.5/micrometer-core-1.7.5.jar:/Users/xiemenghua/.m2/repository/org/hdrhistogram/HdrHistogram/2.1.12/HdrHistogram-2.1.12.jar:/Users/xiemenghua/.m2/repository/org/latencyutils/LatencyUtils/2.0.3/LatencyUtils-2.0.3.jar:/Users/xiemenghua/.m2/repository/com/github/dadiyang/equator/1.0.4/equator-1.0.4.jar:/Users/xiemenghua/.m2/repository/org/hamcrest/hamcrest-core/2.2/hamcrest-core-2.2.jar:/Users/xiemenghua/.m2/repository/com/alibaba/transmittable-thread-local/2.12.1/transmittable-thread-local-2.12.1.jar:/Users/xiemenghua/.m2/repository/io/github/lyh200/dynamic-tp-logging/1.0.2/dynamic-tp-logging-1.0.2.jar:/Users/xiemenghua/.m2/repository/commons-codec/commons-codec/1.15/commons-codec-1.15.jar:/Users/xiemenghua/.m2/repository/cn/hutool/hutool-core/5.5.1/hutool-core-5.5.1.jar:/Users/xiemenghua/.m2/repository/org/springframework/amqp/spring-rabbit/2.3.11/spring-rabbit-2.3.11.jar:/Users/xiemenghua/.m2/repository/org/springframework/amqp/spring-amqp/2.3.11/spring-amqp-2.3.11.jar:/Users/xiemenghua/.m2/repository/com/rabbitmq/amqp-client/5.12.0/amqp-client-5.12.0.jar:/Users/xiemenghua/.m2/repository/com/alibaba/boot/nacos-config-spring-boot-starter/0.2.12/nacos-config-spring-boot-starter-0.2.12.jar:/Users/xiemenghua/.m2/repository/com/alibaba/nacos/nacos-spring-context/1.1.1/nacos-spring-context-1.1.1.jar:/Users/xiemenghua/.m2/repository/javax/annotation/javax.annotation-api/1.3.2/javax.annotation-api-1.3.2.jar:/Users/xiemenghua/.m2/repository/com/alibaba/spring/spring-context-support/1.0.11/spring-context-support-1.0.11.jar:/Users/xiemenghua/.m2/repository/com/alibaba/nacos/nacos-client/2.1.0/nacos-client-2.1.0.jar:/Users/xiemenghua/.m2/repository/com/alibaba/nacos/nacos-auth-plugin/2.1.0/nacos-auth-plugin-2.1.0.jar:/Users/xiemenghua/.m2/repository/com/alibaba/nacos/nacos-encryption-plugin/2.1.0/nacos-encryption-plugin-2.1.0.jar:/Users/xiemenghua/.m2/repository/com/fasterxml/jackson/core/jackson-core/2.12.5/jackson-core-2.12.5.jar:/Users/xiemenghua/.m2/repository/org/apache/httpcomponents/httpasyncclient/4.1.4/httpasyncclient-4.1.4.jar:/Users/xiemenghua/.m2/repository/org/apache/httpcomponents/httpcore/4.4.14/httpcore-4.4.14.jar:/Users/xiemenghua/.m2/repository/org/apache/httpcomponents/httpcore-nio/4.4.14/httpcore-nio-4.4.14.jar:/Users/xiemenghua/.m2/repository/io/prometheus/simpleclient/0.10.0/simpleclient-0.10.0.jar:/Users/xiemenghua/.m2/repository/com/alibaba/boot/nacos-config-spring-boot-autoconfigure/0.2.12/nacos-config-spring-boot-autoconfigure-0.2.12.jar:/Users/xiemenghua/.m2/repository/com/alibaba/boot/nacos-spring-boot-base/0.2.12/nacos-spring-boot-base-0.2.12.jar:/Users/xiemenghua/.m2/repository/com/aliyun/alibaba-dingtalk-service-sdk/2.0.0/alibaba-dingtalk-service-sdk-2.0.0.jar:/Users/xiemenghua/.m2/repository/log4j/log4j/1.2.15/log4j-1.2.15.jar:/Users/xiemenghua/.m2/repository/javax/mail/mail/1.4/mail-1.4.jar:/Users/xiemenghua/.m2/repository/javax/activation/activation/1.1/activation-1.1.jar:/Users/xiemenghua/.m2/repository/commons-logging/commons-logging/1.1.1/commons-logging-1.1.1.jar:/Users/xiemenghua/.m2/repository/com/github/binarywang/weixin-java-mp/4.5.3.B/weixin-java-mp-4.5.3.B.jar:/Users/xiemenghua/.m2/repository/com/github/binarywang/weixin-java-common/4.5.3.B/weixin-java-common-4.5.3.B.jar:/Users/xiemenghua/.m2/repository/com/thoughtworks/xstream/xstream/1.4.20/xstream-1.4.20.jar:/Users/xiemenghua/.m2/repository/io/github/x-stream/mxparser/1.2.2/mxparser-1.2.2.jar:/Users/xiemenghua/.m2/repository/xmlpull/xmlpull/1.1.3.1/xmlpull-1.1.3.1.jar:/Users/xiemenghua/.m2/repository/org/apache/httpcomponents/httpclient/4.5.13/httpclient-4.5.13.jar:/Users/xiemenghua/.m2/repository/org/apache/httpcomponents/httpmime/4.5.13/httpmime-4.5.13.jar:/Users/xiemenghua/.m2/repository/org/slf4j/jcl-over-slf4j/1.7.32/jcl-over-slf4j-1.7.32.jar:/Users/xiemenghua/.m2/repository/commons-io/commons-io/2.7/commons-io-2.7.jar:/Users/xiemenghua/.m2/repository/com/github/binarywang/weixin-java-miniapp/4.5.3.B/weixin-java-miniapp-4.5.3.B.jar:/Users/xiemenghua/.m2/repository/org/bouncycastle/bcpkix-jdk15on/1.70/bcpkix-jdk15on-1.70.jar:/Users/xiemenghua/.m2/repository/org/bouncycastle/bcprov-jdk15on/1.70/bcprov-jdk15on-1.70.jar:/Users/xiemenghua/.m2/repository/org/bouncycastle/bcutil-jdk15on/1.70/bcutil-jdk15on-1.70.jar:/Users/xiemenghua/.m2/repository/io/github/ZhongFuCheng3y/hades-nacos-starter/1.0.4/hades-nacos-starter-1.0.4.jar:/Users/xiemenghua/.m2/repository/io/github/ZhongFuCheng3y/hades-core/1.0.4/hades-core-1.0.4.jar:/Users/xiemenghua/.m2/repository/org/codehaus/groovy/groovy/3.0.9/groovy-3.0.9.jar:/Users/xiemenghua/.m2/repository/com/alibaba/fastjson2/fastjson2/2.0.26/fastjson2-2.0.26.jar:"/>
    <property name="https.proxyPort" value="7890"/>
    <property name="java.vm.vendor" value="Oracle Corporation"/>
    <property name="sun.arch.data.model" value="64"/>
    <property name="java.vendor.url" value="http://java.oracle.com/"/>
    <property name="user.timezone" value=""/>
    <property name="java.vm.specification.version" value="1.8"/>
    <property name="os.name" value="Mac OS X"/>
    <property name="user.country" value="CN"/>
    <property name="sun.java.launcher" value="SUN_STANDARD"/>
    <property name="sun.boot.library.path" value="/Library/Java/JavaVirtualMachines/jdk1.8.0_301.jdk/Contents/Home/jre/lib"/>
    <property name="sun.java.command" value="/Users/xiemenghua/Work/Project/austin-master/austin-service-api-impl/target/surefire/surefirebooter6482226700332201828.jar /Users/xiemenghua/Work/Project/austin-master/austin-service-api-impl/target/surefire 2024-03-06T17-04-28_905-jvmRun1 surefire8992751011058622721tmp surefire_06325897171410799405tmp"/>
    <property name="http.nonProxyHosts" value="192.168.0.0/16|*.192.168.0.0/16|10.0.0.0/8|*.10.0.0.0/8|172.16.0.0/12|*.172.16.0.0/12|127.0.0.1|localhost|*.localhost|local|*.local|timestamp.apple.com|*.timestamp.apple.com|sequoia.apple.com|*.sequoia.apple.com|seed-sequoia.siri.apple.com|*.seed-sequoia.siri.apple.com"/>
    <property name="surefire.test.class.path" value="/Users/xiemenghua/Work/Project/austin-master/austin-service-api-impl/target/test-classes:/Users/xiemenghua/Work/Project/austin-master/austin-service-api-impl/target/classes:/Users/xiemenghua/Work/Project/austin-master/austin-service-api/target/austin-service-api-0.0.1-SNAPSHOT.jar:/Users/xiemenghua/Work/Project/austin-master/austin-common/target/austin-common-0.0.1-SNAPSHOT.jar:/Users/xiemenghua/Work/Project/austin-master/austin-support/target/austin-support-0.0.1-SNAPSHOT.jar:/Users/xiemenghua/.m2/repository/org/springframework/boot/spring-boot-starter/2.5.6/spring-boot-starter-2.5.6.jar:/Users/xiemenghua/.m2/repository/org/springframework/boot/spring-boot/2.5.6/spring-boot-2.5.6.jar:/Users/xiemenghua/.m2/repository/org/springframework/boot/spring-boot-autoconfigure/2.5.6/spring-boot-autoconfigure-2.5.6.jar:/Users/xiemenghua/.m2/repository/org/springframework/boot/spring-boot-starter-logging/2.5.6/spring-boot-starter-logging-2.5.6.jar:/Users/xiemenghua/.m2/repository/org/apache/logging/log4j/log4j-to-slf4j/2.14.1/log4j-to-slf4j-2.14.1.jar:/Users/xiemenghua/.m2/repository/org/apache/logging/log4j/log4j-api/2.14.1/log4j-api-2.14.1.jar:/Users/xiemenghua/.m2/repository/org/slf4j/jul-to-slf4j/1.7.32/jul-to-slf4j-1.7.32.jar:/Users/xiemenghua/.m2/repository/jakarta/annotation/jakarta.annotation-api/1.3.5/jakarta.annotation-api-1.3.5.jar:/Users/xiemenghua/.m2/repository/org/springframework/spring-core/5.3.12/spring-core-5.3.12.jar:/Users/xiemenghua/.m2/repository/org/springframework/spring-jcl/5.3.12/spring-jcl-5.3.12.jar:/Users/xiemenghua/.m2/repository/org/yaml/snakeyaml/1.28/snakeyaml-1.28.jar:/Users/xiemenghua/.m2/repository/org/springframework/boot/spring-boot-starter-test/2.5.6/spring-boot-starter-test-2.5.6.jar:/Users/xiemenghua/.m2/repository/org/springframework/boot/spring-boot-test/2.5.6/spring-boot-test-2.5.6.jar:/Users/xiemenghua/.m2/repository/org/springframework/boot/spring-boot-test-autoconfigure/2.5.6/spring-boot-test-autoconfigure-2.5.6.jar:/Users/xiemenghua/.m2/repository/com/jayway/jsonpath/json-path/2.5.0/json-path-2.5.0.jar:/Users/xiemenghua/.m2/repository/net/minidev/json-smart/2.4.7/json-smart-2.4.7.jar:/Users/xiemenghua/.m2/repository/net/minidev/accessors-smart/2.4.7/accessors-smart-2.4.7.jar:/Users/xiemenghua/.m2/repository/org/ow2/asm/asm/9.1/asm-9.1.jar:/Users/xiemenghua/.m2/repository/jakarta/xml/bind/jakarta.xml.bind-api/2.3.3/jakarta.xml.bind-api-2.3.3.jar:/Users/xiemenghua/.m2/repository/jakarta/activation/jakarta.activation-api/1.2.2/jakarta.activation-api-1.2.2.jar:/Users/xiemenghua/.m2/repository/org/assertj/assertj-core/3.19.0/assertj-core-3.19.0.jar:/Users/xiemenghua/.m2/repository/org/hamcrest/hamcrest/2.2/hamcrest-2.2.jar:/Users/xiemenghua/.m2/repository/org/junit/jupiter/junit-jupiter/5.7.2/junit-jupiter-5.7.2.jar:/Users/xiemenghua/.m2/repository/org/junit/jupiter/junit-jupiter-api/5.7.2/junit-jupiter-api-5.7.2.jar:/Users/xiemenghua/.m2/repository/org/apiguardian/apiguardian-api/1.1.0/apiguardian-api-1.1.0.jar:/Users/xiemenghua/.m2/repository/org/opentest4j/opentest4j/1.2.0/opentest4j-1.2.0.jar:/Users/xiemenghua/.m2/repository/org/junit/platform/junit-platform-commons/1.7.2/junit-platform-commons-1.7.2.jar:/Users/xiemenghua/.m2/repository/org/junit/jupiter/junit-jupiter-params/5.7.2/junit-jupiter-params-5.7.2.jar:/Users/xiemenghua/.m2/repository/org/junit/jupiter/junit-jupiter-engine/5.7.2/junit-jupiter-engine-5.7.2.jar:/Users/xiemenghua/.m2/repository/org/junit/platform/junit-platform-engine/1.7.2/junit-platform-engine-1.7.2.jar:/Users/xiemenghua/.m2/repository/org/mockito/mockito-core/3.9.0/mockito-core-3.9.0.jar:/Users/xiemenghua/.m2/repository/net/bytebuddy/byte-buddy/1.10.22/byte-buddy-1.10.22.jar:/Users/xiemenghua/.m2/repository/net/bytebuddy/byte-buddy-agent/1.10.22/byte-buddy-agent-1.10.22.jar:/Users/xiemenghua/.m2/repository/org/objenesis/objenesis/3.2/objenesis-3.2.jar:/Users/xiemenghua/.m2/repository/org/mockito/mockito-junit-jupiter/3.9.0/mockito-junit-jupiter-3.9.0.jar:/Users/xiemenghua/.m2/repository/org/skyscreamer/jsonassert/1.5.0/jsonassert-1.5.0.jar:/Users/xiemenghua/.m2/repository/com/vaadin/external/google/android-json/0.0.20131108.vaadin1/android-json-0.0.20131108.vaadin1.jar:/Users/xiemenghua/.m2/repository/org/springframework/spring-test/5.3.12/spring-test-5.3.12.jar:/Users/xiemenghua/.m2/repository/org/xmlunit/xmlunit-core/2.8.3/xmlunit-core-2.8.3.jar:/Users/xiemenghua/.m2/repository/mysql/mysql-connector-java/5.1.35/mysql-connector-java-5.1.35.jar:/Users/xiemenghua/.m2/repository/com/squareup/okhttp3/okhttp/4.9.2/okhttp-4.9.2.jar:/Users/xiemenghua/.m2/repository/com/squareup/okio/okio/2.8.0/okio-2.8.0.jar:/Users/xiemenghua/.m2/repository/org/jetbrains/kotlin/kotlin-stdlib-common/1.5.31/kotlin-stdlib-common-1.5.31.jar:/Users/xiemenghua/.m2/repository/org/jetbrains/kotlin/kotlin-stdlib/1.5.31/kotlin-stdlib-1.5.31.jar:/Users/xiemenghua/.m2/repository/org/jetbrains/annotations/13.0/annotations-13.0.jar:/Users/xiemenghua/.m2/repository/org/projectlombok/lombok/1.18.22/lombok-1.18.22.jar:/Users/xiemenghua/.m2/repository/com/google/guava/guava/31.0.1-jre/guava-31.0.1-jre.jar:/Users/xiemenghua/.m2/repository/com/google/guava/failureaccess/1.0.1/failureaccess-1.0.1.jar:/Users/xiemenghua/.m2/repository/com/google/guava/listenablefuture/9999.0-empty-to-avoid-conflict-with-guava/listenablefuture-9999.0-empty-to-avoid-conflict-with-guava.jar:/Users/xiemenghua/.m2/repository/com/google/code/findbugs/jsr305/3.0.2/jsr305-3.0.2.jar:/Users/xiemenghua/.m2/repository/org/checkerframework/checker-qual/3.12.0/checker-qual-3.12.0.jar:/Users/xiemenghua/.m2/repository/com/google/errorprone/error_prone_annotations/2.7.1/error_prone_annotations-2.7.1.jar:/Users/xiemenghua/.m2/repository/com/google/j2objc/j2objc-annotations/1.3/j2objc-annotations-1.3.jar:/Users/xiemenghua/.m2/repository/cn/hutool/hutool-all/5.7.15/hutool-all-5.7.15.jar:/Users/xiemenghua/.m2/repository/com/alibaba/fastjson/1.2.83/fastjson-1.2.83.jar:/Users/xiemenghua/.m2/repository/org/springframework/boot/spring-boot-starter-data-jpa/2.5.6/spring-boot-starter-data-jpa-2.5.6.jar:/Users/xiemenghua/.m2/repository/org/springframework/boot/spring-boot-starter-aop/2.5.6/spring-boot-starter-aop-2.5.6.jar:/Users/xiemenghua/.m2/repository/org/springframework/spring-aop/5.3.12/spring-aop-5.3.12.jar:/Users/xiemenghua/.m2/repository/org/aspectj/aspectjweaver/1.9.7/aspectjweaver-1.9.7.jar:/Users/xiemenghua/.m2/repository/org/springframework/boot/spring-boot-starter-jdbc/2.5.6/spring-boot-starter-jdbc-2.5.6.jar:/Users/xiemenghua/.m2/repository/com/zaxxer/HikariCP/4.0.3/HikariCP-4.0.3.jar:/Users/xiemenghua/.m2/repository/org/springframework/spring-jdbc/5.3.12/spring-jdbc-5.3.12.jar:/Users/xiemenghua/.m2/repository/jakarta/transaction/jakarta.transaction-api/1.3.3/jakarta.transaction-api-1.3.3.jar:/Users/xiemenghua/.m2/repository/jakarta/persistence/jakarta.persistence-api/2.2.3/jakarta.persistence-api-2.2.3.jar:/Users/xiemenghua/.m2/repository/org/hibernate/hibernate-core/5.4.32.Final/hibernate-core-5.4.32.Final.jar:/Users/xiemenghua/.m2/repository/org/jboss/logging/jboss-logging/3.4.2.Final/jboss-logging-3.4.2.Final.jar:/Users/xiemenghua/.m2/repository/org/javassist/javassist/3.27.0-GA/javassist-3.27.0-GA.jar:/Users/xiemenghua/.m2/repository/antlr/antlr/2.7.7/antlr-2.7.7.jar:/Users/xiemenghua/.m2/repository/org/jboss/jandex/2.2.3.Final/jandex-2.2.3.Final.jar:/Users/xiemenghua/.m2/repository/com/fasterxml/classmate/1.5.1/classmate-1.5.1.jar:/Users/xiemenghua/.m2/repository/org/dom4j/dom4j/2.1.3/dom4j-2.1.3.jar:/Users/xiemenghua/.m2/repository/org/hibernate/common/hibernate-commons-annotations/5.1.2.Final/hibernate-commons-annotations-5.1.2.Final.jar:/Users/xiemenghua/.m2/repository/org/glassfish/jaxb/jaxb-runtime/2.3.5/jaxb-runtime-2.3.5.jar:/Users/xiemenghua/.m2/repository/org/glassfish/jaxb/txw2/2.3.5/txw2-2.3.5.jar:/Users/xiemenghua/.m2/repository/com/sun/istack/istack-commons-runtime/3.0.12/istack-commons-runtime-3.0.12.jar:/Users/xiemenghua/.m2/repository/com/sun/activation/jakarta.activation/1.2.2/jakarta.activation-1.2.2.jar:/Users/xiemenghua/.m2/repository/org/springframework/data/spring-data-jpa/2.5.6/spring-data-jpa-2.5.6.jar:/Users/xiemenghua/.m2/repository/org/springframework/data/spring-data-commons/2.5.6/spring-data-commons-2.5.6.jar:/Users/xiemenghua/.m2/repository/org/springframework/spring-orm/5.3.12/spring-orm-5.3.12.jar:/Users/xiemenghua/.m2/repository/org/springframework/spring-beans/5.3.12/spring-beans-5.3.12.jar:/Users/xiemenghua/.m2/repository/org/springframework/spring-aspects/5.3.12/spring-aspects-5.3.12.jar:/Users/xiemenghua/.m2/repository/org/springframework/kafka/spring-kafka/2.7.8/spring-kafka-2.7.8.jar:/Users/xiemenghua/.m2/repository/org/springframework/spring-context/5.3.12/spring-context-5.3.12.jar:/Users/xiemenghua/.m2/repository/org/springframework/spring-expression/5.3.12/spring-expression-5.3.12.jar:/Users/xiemenghua/.m2/repository/org/springframework/spring-messaging/5.3.12/spring-messaging-5.3.12.jar:/Users/xiemenghua/.m2/repository/org/springframework/spring-tx/5.3.12/spring-tx-5.3.12.jar:/Users/xiemenghua/.m2/repository/org/springframework/retry/spring-retry/1.3.1/spring-retry-1.3.1.jar:/Users/xiemenghua/.m2/repository/org/apache/kafka/kafka-clients/2.7.1/kafka-clients-2.7.1.jar:/Users/xiemenghua/.m2/repository/com/github/luben/zstd-jni/1.4.5-6/zstd-jni-1.4.5-6.jar:/Users/xiemenghua/.m2/repository/org/lz4/lz4-java/1.7.1/lz4-java-1.7.1.jar:/Users/xiemenghua/.m2/repository/org/xerial/snappy/snappy-java/1.1.7.7/snappy-java-1.1.7.7.jar:/Users/xiemenghua/.m2/repository/org/apache/rocketmq/rocketmq-spring-boot-starter/2.2.2/rocketmq-spring-boot-starter-2.2.2.jar:/Users/xiemenghua/.m2/repository/org/apache/rocketmq/rocketmq-spring-boot/2.2.2/rocketmq-spring-boot-2.2.2.jar:/Users/xiemenghua/.m2/repository/org/apache/rocketmq/rocketmq-client/4.9.3/rocketmq-client-4.9.3.jar:/Users/xiemenghua/.m2/repository/org/apache/rocketmq/rocketmq-common/4.9.3/rocketmq-common-4.9.3.jar:/Users/xiemenghua/.m2/repository/org/apache/rocketmq/rocketmq-acl/4.9.3/rocketmq-acl-4.9.3.jar:/Users/xiemenghua/.m2/repository/org/apache/rocketmq/rocketmq-remoting/4.9.3/rocketmq-remoting-4.9.3.jar:/Users/xiemenghua/.m2/repository/io/netty/netty-all/4.1.69.Final/netty-all-4.1.69.Final.jar:/Users/xiemenghua/.m2/repository/io/netty/netty-codec-dns/4.1.69.Final/netty-codec-dns-4.1.69.Final.jar:/Users/xiemenghua/.m2/repository/io/netty/netty-codec-haproxy/4.1.69.Final/netty-codec-haproxy-4.1.69.Final.jar:/Users/xiemenghua/.m2/repository/io/netty/netty-codec-http/4.1.69.Final/netty-codec-http-4.1.69.Final.jar:/Users/xiemenghua/.m2/repository/io/netty/netty-codec-http2/4.1.69.Final/netty-codec-http2-4.1.69.Final.jar:/Users/xiemenghua/.m2/repository/io/netty/netty-codec-memcache/4.1.69.Final/netty-codec-memcache-4.1.69.Final.jar:/Users/xiemenghua/.m2/repository/io/netty/netty-codec-mqtt/4.1.69.Final/netty-codec-mqtt-4.1.69.Final.jar:/Users/xiemenghua/.m2/repository/io/netty/netty-codec-redis/4.1.69.Final/netty-codec-redis-4.1.69.Final.jar:/Users/xiemenghua/.m2/repository/io/netty/netty-codec-smtp/4.1.69.Final/netty-codec-smtp-4.1.69.Final.jar:/Users/xiemenghua/.m2/repository/io/netty/netty-codec-socks/4.1.69.Final/netty-codec-socks-4.1.69.Final.jar:/Users/xiemenghua/.m2/repository/io/netty/netty-codec-stomp/4.1.69.Final/netty-codec-stomp-4.1.69.Final.jar:/Users/xiemenghua/.m2/repository/io/netty/netty-codec-xml/4.1.69.Final/netty-codec-xml-4.1.69.Final.jar:/Users/xiemenghua/.m2/repository/com/fasterxml/aalto-xml/1.0.0/aalto-xml-1.0.0.jar:/Users/xiemenghua/.m2/repository/org/codehaus/woodstox/stax2-api/4.0.0/stax2-api-4.0.0.jar:/Users/xiemenghua/.m2/repository/io/netty/netty-handler-proxy/4.1.69.Final/netty-handler-proxy-4.1.69.Final.jar:/Users/xiemenghua/.m2/repository/io/netty/netty-resolver-dns/4.1.69.Final/netty-resolver-dns-4.1.69.Final.jar:/Users/xiemenghua/.m2/repository/io/netty/netty-transport-rxtx/4.1.69.Final/netty-transport-rxtx-4.1.69.Final.jar:/Users/xiemenghua/.m2/repository/org/rxtx/rxtx/2.1.7/rxtx-2.1.7.jar:/Users/xiemenghua/.m2/repository/io/netty/netty-transport-sctp/4.1.69.Final/netty-transport-sctp-4.1.69.Final.jar:/Users/xiemenghua/.m2/repository/io/netty/netty-transport-udt/4.1.69.Final/netty-transport-udt-4.1.69.Final.jar:/Users/xiemenghua/.m2/repository/com/barchart/udt/barchart-udt-bundle/2.3.0/barchart-udt-bundle-2.3.0.jar:/Users/xiemenghua/.m2/repository/io/netty/netty-transport-native-epoll/4.1.69.Final/netty-transport-native-epoll-4.1.69.Final.jar:/Users/xiemenghua/.m2/repository/io/netty/netty-transport-native-unix-common/4.1.69.Final/netty-transport-native-unix-common-4.1.69.Final.jar:/Users/xiemenghua/.m2/repository/io/netty/netty-transport-native-kqueue/4.1.69.Final/netty-transport-native-kqueue-4.1.69.Final.jar:/Users/xiemenghua/.m2/repository/io/netty/netty-resolver-dns-native-macos/4.1.69.Final/netty-resolver-dns-native-macos-4.1.69.Final.jar:/Users/xiemenghua/.m2/repository/io/netty/netty-transport-native-epoll/4.1.69.Final/netty-transport-native-epoll-4.1.69.Final-linux-x86_64.jar:/Users/xiemenghua/.m2/repository/io/netty/netty-transport-native-epoll/4.1.69.Final/netty-transport-native-epoll-4.1.69.Final-linux-aarch_64.jar:/Users/xiemenghua/.m2/repository/io/netty/netty-transport-native-kqueue/4.1.69.Final/netty-transport-native-kqueue-4.1.69.Final-osx-x86_64.jar:/Users/xiemenghua/.m2/repository/io/netty/netty-transport-native-kqueue/4.1.69.Final/netty-transport-native-kqueue-4.1.69.Final-osx-aarch_64.jar:/Users/xiemenghua/.m2/repository/io/netty/netty-resolver-dns-native-macos/4.1.69.Final/netty-resolver-dns-native-macos-4.1.69.Final-osx-x86_64.jar:/Users/xiemenghua/.m2/repository/io/netty/netty-resolver-dns-native-macos/4.1.69.Final/netty-resolver-dns-native-macos-4.1.69.Final-osx-aarch_64.jar:/Users/xiemenghua/.m2/repository/org/apache/rocketmq/rocketmq-logging/4.9.3/rocketmq-logging-4.9.3.jar:/Users/xiemenghua/.m2/repository/org/apache/rocketmq/rocketmq-srvutil/4.9.3/rocketmq-srvutil-4.9.3.jar:/Users/xiemenghua/.m2/repository/commons-cli/commons-cli/1.2/commons-cli-1.2.jar:/Users/xiemenghua/.m2/repository/commons-validator/commons-validator/1.7/commons-validator-1.7.jar:/Users/xiemenghua/.m2/repository/commons-beanutils/commons-beanutils/1.9.4/commons-beanutils-1.9.4.jar:/Users/xiemenghua/.m2/repository/commons-digester/commons-digester/2.1/commons-digester-2.1.jar:/Users/xiemenghua/.m2/repository/commons-collections/commons-collections/3.2.2/commons-collections-3.2.2.jar:/Users/xiemenghua/.m2/repository/com/fasterxml/jackson/core/jackson-databind/2.12.5/jackson-databind-2.12.5.jar:/Users/xiemenghua/.m2/repository/com/fasterxml/jackson/core/jackson-annotations/2.12.5/jackson-annotations-2.12.5.jar:/Users/xiemenghua/.m2/repository/com/fasterxml/jackson/datatype/jackson-datatype-jsr310/2.12.5/jackson-datatype-jsr310-2.12.5.jar:/Users/xiemenghua/.m2/repository/org/springframework/boot/spring-boot-starter-validation/2.5.6/spring-boot-starter-validation-2.5.6.jar:/Users/xiemenghua/.m2/repository/org/apache/tomcat/embed/tomcat-embed-el/9.0.54/tomcat-embed-el-9.0.54.jar:/Users/xiemenghua/.m2/repository/org/hibernate/validator/hibernate-validator/6.2.0.Final/hibernate-validator-6.2.0.Final.jar:/Users/xiemenghua/.m2/repository/jakarta/validation/jakarta.validation-api/2.0.2/jakarta.validation-api-2.0.2.jar:/Users/xiemenghua/.m2/repository/org/springframework/boot/spring-boot-starter-data-redis/2.5.6/spring-boot-starter-data-redis-2.5.6.jar:/Users/xiemenghua/.m2/repository/org/springframework/data/spring-data-redis/2.5.6/spring-data-redis-2.5.6.jar:/Users/xiemenghua/.m2/repository/org/springframework/data/spring-data-keyvalue/2.5.6/spring-data-keyvalue-2.5.6.jar:/Users/xiemenghua/.m2/repository/org/springframework/spring-oxm/5.3.12/spring-oxm-5.3.12.jar:/Users/xiemenghua/.m2/repository/org/springframework/spring-context-support/5.3.12/spring-context-support-5.3.12.jar:/Users/xiemenghua/.m2/repository/io/lettuce/lettuce-core/6.1.5.RELEASE/lettuce-core-6.1.5.RELEASE.jar:/Users/xiemenghua/.m2/repository/io/netty/netty-common/4.1.69.Final/netty-common-4.1.69.Final.jar:/Users/xiemenghua/.m2/repository/io/netty/netty-handler/4.1.69.Final/netty-handler-4.1.69.Final.jar:/Users/xiemenghua/.m2/repository/io/netty/netty-resolver/4.1.69.Final/netty-resolver-4.1.69.Final.jar:/Users/xiemenghua/.m2/repository/io/netty/netty-buffer/4.1.69.Final/netty-buffer-4.1.69.Final.jar:/Users/xiemenghua/.m2/repository/io/netty/netty-codec/4.1.69.Final/netty-codec-4.1.69.Final.jar:/Users/xiemenghua/.m2/repository/io/netty/netty-transport/4.1.69.Final/netty-transport-4.1.69.Final.jar:/Users/xiemenghua/.m2/repository/io/projectreactor/reactor-core/3.4.11/reactor-core-3.4.11.jar:/Users/xiemenghua/.m2/repository/org/reactivestreams/reactive-streams/1.0.3/reactive-streams-1.0.3.jar:/Users/xiemenghua/.m2/repository/com/ctrip/framework/apollo/apollo-client/2.1.0/apollo-client-2.1.0.jar:/Users/xiemenghua/.m2/repository/com/ctrip/framework/apollo/apollo-core/2.1.0/apollo-core-2.1.0.jar:/Users/xiemenghua/.m2/repository/com/google/code/gson/gson/2.8.8/gson-2.8.8.jar:/Users/xiemenghua/.m2/repository/com/google/inject/guice/5.0.1/guice-5.0.1.jar:/Users/xiemenghua/.m2/repository/javax/inject/javax.inject/1/javax.inject-1.jar:/Users/xiemenghua/.m2/repository/aopalliance/aopalliance/1.0/aopalliance-1.0.jar:/Users/xiemenghua/.m2/repository/org/slf4j/slf4j-api/1.7.32/slf4j-api-1.7.32.jar:/Users/xiemenghua/.m2/repository/cn/monitor4all/log-record-starter/1.0.4.1/log-record-starter-1.0.4.1.jar:/Users/xiemenghua/.m2/repository/org/apache/commons/commons-lang3/3.12.0/commons-lang3-3.12.0.jar:/Users/xiemenghua/.m2/repository/de/siegmar/logback-gelf/3.0.0/logback-gelf-3.0.0.jar:/Users/xiemenghua/.m2/repository/ch/qos/logback/logback-classic/1.2.6/logback-classic-1.2.6.jar:/Users/xiemenghua/.m2/repository/ch/qos/logback/logback-core/1.2.6/logback-core-1.2.6.jar:/Users/xiemenghua/.m2/repository/io/github/lyh200/dynamic-tp-spring-boot-starter-apollo/1.0.2/dynamic-tp-spring-boot-starter-apollo-1.0.2.jar:/Users/xiemenghua/.m2/repository/io/github/lyh200/dynamic-tp-spring-boot-starter-common/1.0.2/dynamic-tp-spring-boot-starter-common-1.0.2.jar:/Users/xiemenghua/.m2/repository/io/github/lyh200/dynamic-tp-adapter/1.0.2/dynamic-tp-adapter-1.0.2.jar:/Users/xiemenghua/.m2/repository/io/github/lyh200/dynamic-tp-common/1.0.2/dynamic-tp-common-1.0.2.jar:/Users/xiemenghua/.m2/repository/org/springframework/boot/spring-boot-configuration-processor/2.5.6/spring-boot-configuration-processor-2.5.6.jar:/Users/xiemenghua/.m2/repository/io/github/lyh200/dynamic-tp-core/1.0.2/dynamic-tp-core-1.0.2.jar:/Users/xiemenghua/.m2/repository/org/springframework/boot/spring-boot-starter-actuator/2.5.6/spring-boot-starter-actuator-2.5.6.jar:/Users/xiemenghua/.m2/repository/org/springframework/boot/spring-boot-actuator-autoconfigure/2.5.6/spring-boot-actuator-autoconfigure-2.5.6.jar:/Users/xiemenghua/.m2/repository/org/springframework/boot/spring-boot-actuator/2.5.6/spring-boot-actuator-2.5.6.jar:/Users/xiemenghua/.m2/repository/io/micrometer/micrometer-core/1.7.5/micrometer-core-1.7.5.jar:/Users/xiemenghua/.m2/repository/org/hdrhistogram/HdrHistogram/2.1.12/HdrHistogram-2.1.12.jar:/Users/xiemenghua/.m2/repository/org/latencyutils/LatencyUtils/2.0.3/LatencyUtils-2.0.3.jar:/Users/xiemenghua/.m2/repository/com/github/dadiyang/equator/1.0.4/equator-1.0.4.jar:/Users/xiemenghua/.m2/repository/org/hamcrest/hamcrest-core/2.2/hamcrest-core-2.2.jar:/Users/xiemenghua/.m2/repository/com/alibaba/transmittable-thread-local/2.12.1/transmittable-thread-local-2.12.1.jar:/Users/xiemenghua/.m2/repository/io/github/lyh200/dynamic-tp-logging/1.0.2/dynamic-tp-logging-1.0.2.jar:/Users/xiemenghua/.m2/repository/commons-codec/commons-codec/1.15/commons-codec-1.15.jar:/Users/xiemenghua/.m2/repository/cn/hutool/hutool-core/5.5.1/hutool-core-5.5.1.jar:/Users/xiemenghua/.m2/repository/org/springframework/amqp/spring-rabbit/2.3.11/spring-rabbit-2.3.11.jar:/Users/xiemenghua/.m2/repository/org/springframework/amqp/spring-amqp/2.3.11/spring-amqp-2.3.11.jar:/Users/xiemenghua/.m2/repository/com/rabbitmq/amqp-client/5.12.0/amqp-client-5.12.0.jar:/Users/xiemenghua/.m2/repository/com/alibaba/boot/nacos-config-spring-boot-starter/0.2.12/nacos-config-spring-boot-starter-0.2.12.jar:/Users/xiemenghua/.m2/repository/com/alibaba/nacos/nacos-spring-context/1.1.1/nacos-spring-context-1.1.1.jar:/Users/xiemenghua/.m2/repository/javax/annotation/javax.annotation-api/1.3.2/javax.annotation-api-1.3.2.jar:/Users/xiemenghua/.m2/repository/com/alibaba/spring/spring-context-support/1.0.11/spring-context-support-1.0.11.jar:/Users/xiemenghua/.m2/repository/com/alibaba/nacos/nacos-client/2.1.0/nacos-client-2.1.0.jar:/Users/xiemenghua/.m2/repository/com/alibaba/nacos/nacos-auth-plugin/2.1.0/nacos-auth-plugin-2.1.0.jar:/Users/xiemenghua/.m2/repository/com/alibaba/nacos/nacos-encryption-plugin/2.1.0/nacos-encryption-plugin-2.1.0.jar:/Users/xiemenghua/.m2/repository/com/fasterxml/jackson/core/jackson-core/2.12.5/jackson-core-2.12.5.jar:/Users/xiemenghua/.m2/repository/org/apache/httpcomponents/httpasyncclient/4.1.4/httpasyncclient-4.1.4.jar:/Users/xiemenghua/.m2/repository/org/apache/httpcomponents/httpcore/4.4.14/httpcore-4.4.14.jar:/Users/xiemenghua/.m2/repository/org/apache/httpcomponents/httpcore-nio/4.4.14/httpcore-nio-4.4.14.jar:/Users/xiemenghua/.m2/repository/io/prometheus/simpleclient/0.10.0/simpleclient-0.10.0.jar:/Users/xiemenghua/.m2/repository/com/alibaba/boot/nacos-config-spring-boot-autoconfigure/0.2.12/nacos-config-spring-boot-autoconfigure-0.2.12.jar:/Users/xiemenghua/.m2/repository/com/alibaba/boot/nacos-spring-boot-base/0.2.12/nacos-spring-boot-base-0.2.12.jar:/Users/xiemenghua/.m2/repository/com/aliyun/alibaba-dingtalk-service-sdk/2.0.0/alibaba-dingtalk-service-sdk-2.0.0.jar:/Users/xiemenghua/.m2/repository/log4j/log4j/1.2.15/log4j-1.2.15.jar:/Users/xiemenghua/.m2/repository/javax/mail/mail/1.4/mail-1.4.jar:/Users/xiemenghua/.m2/repository/javax/activation/activation/1.1/activation-1.1.jar:/Users/xiemenghua/.m2/repository/commons-logging/commons-logging/1.1.1/commons-logging-1.1.1.jar:/Users/xiemenghua/.m2/repository/com/github/binarywang/weixin-java-mp/4.5.3.B/weixin-java-mp-4.5.3.B.jar:/Users/xiemenghua/.m2/repository/com/github/binarywang/weixin-java-common/4.5.3.B/weixin-java-common-4.5.3.B.jar:/Users/xiemenghua/.m2/repository/com/thoughtworks/xstream/xstream/1.4.20/xstream-1.4.20.jar:/Users/xiemenghua/.m2/repository/io/github/x-stream/mxparser/1.2.2/mxparser-1.2.2.jar:/Users/xiemenghua/.m2/repository/xmlpull/xmlpull/1.1.3.1/xmlpull-1.1.3.1.jar:/Users/xiemenghua/.m2/repository/org/apache/httpcomponents/httpclient/4.5.13/httpclient-4.5.13.jar:/Users/xiemenghua/.m2/repository/org/apache/httpcomponents/httpmime/4.5.13/httpmime-4.5.13.jar:/Users/xiemenghua/.m2/repository/org/slf4j/jcl-over-slf4j/1.7.32/jcl-over-slf4j-1.7.32.jar:/Users/xiemenghua/.m2/repository/commons-io/commons-io/2.7/commons-io-2.7.jar:/Users/xiemenghua/.m2/repository/com/github/binarywang/weixin-java-miniapp/4.5.3.B/weixin-java-miniapp-4.5.3.B.jar:/Users/xiemenghua/.m2/repository/org/bouncycastle/bcpkix-jdk15on/1.70/bcpkix-jdk15on-1.70.jar:/Users/xiemenghua/.m2/repository/org/bouncycastle/bcprov-jdk15on/1.70/bcprov-jdk15on-1.70.jar:/Users/xiemenghua/.m2/repository/org/bouncycastle/bcutil-jdk15on/1.70/bcutil-jdk15on-1.70.jar:/Users/xiemenghua/.m2/repository/io/github/ZhongFuCheng3y/hades-nacos-starter/1.0.4/hades-nacos-starter-1.0.4.jar:/Users/xiemenghua/.m2/repository/io/github/ZhongFuCheng3y/hades-core/1.0.4/hades-core-1.0.4.jar:/Users/xiemenghua/.m2/repository/org/codehaus/groovy/groovy/3.0.9/groovy-3.0.9.jar:/Users/xiemenghua/.m2/repository/com/alibaba/fastjson2/fastjson2/2.0.26/fastjson2-2.0.26.jar:"/>
    <property name="sun.cpu.endian" value="little"/>
    <property name="user.home" value="/Users/xiemenghua"/>
    <property name="user.language" value="zh"/>
    <property name="java.specification.vendor" value="Oracle Corporation"/>
    <property name="java.home" value="/Library/Java/JavaVirtualMachines/jdk1.8.0_301.jdk/Contents/Home/jre"/>
    <property name="basedir" value="/Users/xiemenghua/Work/Project/austin-master/austin-service-api-impl"/>
    <property name="https.proxyHost" value="127.0.0.1"/>
    <property name="file.separator" value="/"/>
    <property name="line.separator" value="&#10;"/>
    <property name="java.vm.specification.vendor" value="Oracle Corporation"/>
    <property name="java.specification.name" value="Java Platform API Specification"/>
    <property name="java.awt.graphicsenv" value="sun.awt.CGraphicsEnvironment"/>
    <property name="surefire.real.class.path" value="/Users/xiemenghua/Work/Project/austin-master/austin-service-api-impl/target/surefire/surefirebooter6482226700332201828.jar"/>
    <property name="sun.boot.class.path" value="/Library/Java/JavaVirtualMachines/jdk1.8.0_301.jdk/Contents/Home/jre/lib/resources.jar:/Library/Java/JavaVirtualMachines/jdk1.8.0_301.jdk/Contents/Home/jre/lib/rt.jar:/Library/Java/JavaVirtualMachines/jdk1.8.0_301.jdk/Contents/Home/jre/lib/sunrsasign.jar:/Library/Java/JavaVirtualMachines/jdk1.8.0_301.jdk/Contents/Home/jre/lib/jsse.jar:/Library/Java/JavaVirtualMachines/jdk1.8.0_301.jdk/Contents/Home/jre/lib/jce.jar:/Library/Java/JavaVirtualMachines/jdk1.8.0_301.jdk/Contents/Home/jre/lib/charsets.jar:/Library/Java/JavaVirtualMachines/jdk1.8.0_301.jdk/Contents/Home/jre/lib/jfr.jar:/Library/Java/JavaVirtualMachines/jdk1.8.0_301.jdk/Contents/Home/jre/classes"/>
    <property name="sun.management.compiler" value="HotSpot 64-Bit Tiered Compilers"/>
    <property name="ftp.nonProxyHosts" value="192.168.0.0/16|*.192.168.0.0/16|10.0.0.0/8|*.10.0.0.0/8|172.16.0.0/12|*.172.16.0.0/12|127.0.0.1|localhost|*.localhost|local|*.local|timestamp.apple.com|*.timestamp.apple.com|sequoia.apple.com|*.sequoia.apple.com|seed-sequoia.siri.apple.com|*.seed-sequoia.siri.apple.com"/>
    <property name="java.runtime.version" value="1.8.0_301-b09"/>
    <property name="user.name" value="xiemenghua"/>
    <property name="path.separator" value=":"/>
    <property name="os.version" value="10.16"/>
    <property name="java.endorsed.dirs" value="/Library/Java/JavaVirtualMachines/jdk1.8.0_301.jdk/Contents/Home/jre/lib/endorsed"/>
    <property name="java.runtime.name" value="Java(TM) SE Runtime Environment"/>
    <property name="file.encoding" value="UTF-8"/>
    <property name="java.vm.name" value="Java HotSpot(TM) 64-Bit Server VM"/>
    <property name="localRepository" value="/Users/xiemenghua/.m2/repository"/>
    <property name="java.vendor.url.bug" value="http://bugreport.sun.com/bugreport/"/>
    <property name="java.io.tmpdir" value="/var/folders/2l/__lp23ts7n7dzb3ghq90sp100000gn/T/"/>
    <property name="idea.version" value="2021.2.3"/>
    <property name="java.version" value="1.8.0_301"/>
    <property name="user.dir" value="/Users/xiemenghua/Work/Project/austin-master/austin-service-api-impl"/>
    <property name="os.arch" value="x86_64"/>
    <property name="socksProxyPort" value="7890"/>
    <property name="java.vm.specification.name" value="Java Virtual Machine Specification"/>
    <property name="java.awt.printerjob" value="sun.lwawt.macosx.CPrinterJob"/>
    <property name="sun.os.patch.level" value="unknown"/>
    <property name="java.library.path" value="/Users/xiemenghua/Library/Java/Extensions:/Library/Java/Extensions:/Network/Library/Java/Extensions:/System/Library/Java/Extensions:/usr/lib/java:."/>
    <property name="java.vm.info" value="mixed mode"/>
    <property name="java.vendor" value="Oracle Corporation"/>
    <property name="java.vm.version" value="25.301-b09"/>
    <property name="java.ext.dirs" value="/Users/xiemenghua/Library/Java/Extensions:/Library/Java/JavaVirtualMachines/jdk1.8.0_301.jdk/Contents/Home/jre/lib/ext:/Library/Java/Extensions:/Network/Library/Java/Extensions:/System/Library/Java/Extensions:/usr/lib/java"/>
    <property name="sun.io.unicode.encoding" value="UnicodeBig"/>
    <property name="java.class.version" value="52.0"/>
    <property name="socksNonProxyHosts" value="192.168.0.0/16|*.192.168.0.0/16|10.0.0.0/8|*.10.0.0.0/8|172.16.0.0/12|*.172.16.0.0/12|127.0.0.1|localhost|*.localhost|local|*.local|timestamp.apple.com|*.timestamp.apple.com|sequoia.apple.com|*.sequoia.apple.com|seed-sequoia.siri.apple.com|*.seed-sequoia.siri.apple.com"/>
    <property name="http.proxyPort" value="7890"/>
  </properties>
  <testcase name="testSend" classname="com.java3y.austin.service.api.impl.service.SendServiceImplTest" time="0.71"/>
  <testcase name="testBatchSend" classname="com.java3y.austin.service.api.impl.service.SendServiceImplTest" time="0"/>
</testsuite>